# JRE version: OpenJDK Runtime Environment (8.0_152-b01) (build 1.8.0_152-release-1248-b01)
# Java VM: OpenJDK 64-Bit Server VM (25.152-b01 mixed mode windows-amd64 compressed oops)
Heap:
 PSYoungGen      total 139776K, used 36129K [0x00000000e0000000, 0x00000000ea600000, 0x0000000100000000)
  eden space 121344K, 14% used [0x00000000e0000000,0x00000000e114cc68,0x00000000e7680000)
  from space 18432K, 99% used [0x00000000e8c00000,0x00000000e9dfb7a0,0x00000000e9e00000)
  to   space 22016K, 0% used [0x00000000e7680000,0x00000000e7680000,0x00000000e8c00000)
 ParOldGen       total 157184K, used 34095K [0x00000000a0000000, 0x00000000a9980000, 0x00000000e0000000)
  object space 157184K, 21% used [0x00000000a0000000,0x00000000a214bf80,0x00000000a9980000)
 Metaspace       used 69118K, capacity 71258K, committed 71600K, reserved 1112064K
  class space    used 9040K, capacity 9566K, committed 9648K, reserved 1048576K
GC Heap History (10 events):
Event: 13.374 GC heap before
{Heap before GC invocations=15 (full 2):
 PSYoungGen      total 111104K, used 55012K [0x00000000e0000000, 0x00000000e8480000, 0x0000000100000000)
  eden space 96256K, 41% used [0x00000000e0000000,0x00000000e273bcf0,0x00000000e5e00000)
  from space 14848K, 99% used [0x00000000e6f80000,0x00000000e7dfd530,0x00000000e7e00000)
  to   space 17920K, 0% used [0x00000000e5e00000,0x00000000e5e00000,0x00000000e6f80000)
 ParOldGen       total 107520K, used 20667K [0x00000000a0000000, 0x00000000a6900000, 0x00000000e0000000)
  object space 107520K, 19% used [0x00000000a0000000,0x00000000a142eee0,0x00000000a6900000)
 Metaspace       used 57477K, capacity 59076K, committed 59160K, reserved 1099776K
  class space    used 7909K, capacity 8347K, committed 8368K, reserved 1048576K
Event: 13.389 GC heap after
Heap after GC invocations=15 (full 2):
 PSYoungGen      total 114176K, used 15649K [0x00000000e0000000, 0x00000000e9900000, 0x0000000100000000)
  eden space 96256K, 0% used [0x00000000e0000000,0x00000000e0000000,0x00000000e5e00000)
  from space 17920K, 87% used [0x00000000e5e00000,0x00000000e6d48588,0x00000000e6f80000)
  to   space 19456K, 0% used [0x00000000e8600000,0x00000000e8600000,0x00000000e9900000)
 ParOldGen       total 107520K, used 20675K [0x00000000a0000000, 0x00000000a6900000, 0x00000000e0000000)
  object space 107520K, 19% used [0x00000000a0000000,0x00000000a1430ee0,0x00000000a6900000)
 Metaspace       used 57477K, capacity 59076K, committed 59160K, reserved 1099776K
  class space    used 7909K, capacity 8347K, committed 8368K, reserved 1048576K
}
Event: 13.389 GC heap before
{Heap before GC invocations=16 (full 3):
 PSYoungGen      total 114176K, used 15649K [0x00000000e0000000, 0x00000000e9900000, 0x0000000100000000)
  eden space 96256K, 0% used [0x00000000e0000000,0x00000000e0000000,0x00000000e5e00000)
  from space 17920K, 87% used [0x00000000e5e00000,0x00000000e6d48588,0x00000000e6f80000)
  to   space 19456K, 0% used [0x00000000e8600000,0x00000000e8600000,0x00000000e9900000)
 ParOldGen       total 107520K, used 20675K [0x00000000a0000000, 0x00000000a6900000, 0x00000000e0000000)
  object space 107520K, 19% used [0x00000000a0000000,0x00000000a1430ee0,0x00000000a6900000)
 Metaspace       used 57477K, capacity 59076K, committed 59160K, reserved 1099776K
  class space    used 7909K, capacity 8347K, committed 8368K, reserved 1048576K
Event: 13.674 GC heap after
Heap after GC invocations=16 (full 3):
 PSYoungGen      total 114176K, used 0K [0x00000000e0000000, 0x00000000e9900000, 0x0000000100000000)
  eden space 96256K, 0% used [0x00000000e0000000,0x00000000e0000000,0x00000000e5e00000)
  from space 17920K, 0% used [0x00000000e5e00000,0x00000000e5e00000,0x00000000e6f80000)
  to   space 19456K, 0% used [0x00000000e8600000,0x00000000e8600000,0x00000000e9900000)
 ParOldGen       total 157184K, used 30017K [0x00000000a0000000, 0x00000000a9980000, 0x00000000e0000000)
  object space 157184K, 19% used [0x00000000a0000000,0x00000000a1d50750,0x00000000a9980000)
 Metaspace       used 57477K, capacity 59076K, committed 59160K, reserved 1099776K
  class space    used 7909K, capacity 8347K, committed 8368K, reserved 1048576K
}
Event: 20.587 GC heap before
{Heap before GC invocations=17 (full 3):
 PSYoungGen      total 114176K, used 96256K [0x00000000e0000000, 0x00000000e9900000, 0x0000000100000000)
  eden space 96256K, 100% used [0x00000000e0000000,0x00000000e5e00000,0x00000000e5e00000)
  from space 17920K, 0% used [0x00000000e5e00000,0x00000000e5e00000,0x00000000e6f80000)
  to   space 19456K, 0% used [0x00000000e8600000,0x00000000e8600000,0x00000000e9900000)
 ParOldGen       total 157184K, used 30017K [0x00000000a0000000, 0x00000000a9980000, 0x00000000e0000000)
  object space 157184K, 19% used [0x00000000a0000000,0x00000000a1d50750,0x00000000a9980000)
 Metaspace       used 62483K, capacity 64390K, committed 64688K, reserved 1105920K
  class space    used 8349K, capacity 8864K, committed 8880K, reserved 1048576K
Event: 20.602 GC heap after
Heap after GC invocations=17 (full 3):
 PSYoungGen      total 122880K, used 7987K [0x00000000e0000000, 0x00000000e9180000, 0x0000000100000000)
  eden space 111104K, 0% used [0x00000000e0000000,0x00000000e0000000,0x00000000e6c80000)
  from space 11776K, 67% used [0x00000000e8600000,0x00000000e8dccfc8,0x00000000e9180000)
  to   space 18944K, 0% used [0x00000000e6c80000,0x00000000e6c80000,0x00000000e7f00000)
 ParOldGen       total 157184K, used 30025K [0x00000000a0000000, 0x00000000a9980000, 0x00000000e0000000)
  object space 157184K, 19% used [0x00000000a0000000,0x00000000a1d52750,0x00000000a9980000)
 Metaspace       used 62483K, capacity 64390K, committed 64688K, reserved 1105920K
  class space    used 8349K, capacity 8864K, committed 8880K, reserved 1048576K
}
Event: 247.179 GC heap before
{Heap before GC invocations=18 (full 3):
 PSYoungGen      total 122880K, used 119091K [0x00000000e0000000, 0x00000000e9180000, 0x0000000100000000)
  eden space 111104K, 100% used [0x00000000e0000000,0x00000000e6c80000,0x00000000e6c80000)
  from space 11776K, 67% used [0x00000000e8600000,0x00000000e8dccfc8,0x00000000e9180000)
  to   space 18944K, 0% used [0x00000000e6c80000,0x00000000e6c80000,0x00000000e7f00000)
 ParOldGen       total 157184K, used 30025K [0x00000000a0000000, 0x00000000a9980000, 0x00000000e0000000)
  object space 157184K, 19% used [0x00000000a0000000,0x00000000a1d52750,0x00000000a9980000)
 Metaspace       used 65090K, capacity 67262K, committed 67376K, reserved 1107968K
  class space    used 8662K, capacity 9198K, committed 9264K, reserved 1048576K
Event: 247.210 GC heap after
Heap after GC invocations=18 (full 3):
 PSYoungGen      total 130048K, used 10416K [0x00000000e0000000, 0x00000000e9e00000, 0x0000000100000000)
  eden space 111104K, 0% used [0x00000000e0000000,0x00000000e0000000,0x00000000e6c80000)
  from space 18944K, 54% used [0x00000000e6c80000,0x00000000e76ac1f0,0x00000000e7f00000)
  to   space 18432K, 0% used [0x00000000e8c00000,0x00000000e8c00000,0x00000000e9e00000)
 ParOldGen       total 157184K, used 30033K [0x00000000a0000000, 0x00000000a9980000, 0x00000000e0000000)
  object space 157184K, 19% used [0x00000000a0000000,0x00000000a1d54750,0x00000000a9980000)
 Metaspace       used 65090K, capacity 67262K, committed 67376K, reserved 1107968K
  class space    used 8662K, capacity 9198K, committed 9264K, reserved 1048576K
}
Event: 255.219 GC heap before
{Heap before GC invocations=19 (full 3):
 PSYoungGen      total 130048K, used 121520K [0x00000000e0000000, 0x00000000e9e00000, 0x0000000100000000)
  eden space 111104K, 100% used [0x00000000e0000000,0x00000000e6c80000,0x00000000e6c80000)
  from space 18944K, 54% used [0x00000000e6c80000,0x00000000e76ac1f0,0x00000000e7f00000)
  to   space 18432K, 0% used [0x00000000e8c00000,0x00000000e8c00000,0x00000000e9e00000)
 ParOldGen       total 157184K, used 30033K [0x00000000a0000000, 0x00000000a9980000, 0x00000000e0000000)
  object space 157184K, 19% used [0x00000000a0000000,0x00000000a1d54750,0x00000000a9980000)
 Metaspace       used 68882K, capacity 70984K, committed 71344K, reserved 1112064K
  class space    used 9013K, capacity 9563K, committed 9648K, reserved 1048576K
Event: 255.320 GC heap after
Heap after GC invocations=19 (full 3):
 PSYoungGen      total 139776K, used 18413K [0x00000000e0000000, 0x00000000ea600000, 0x0000000100000000)
  eden space 121344K, 0% used [0x00000000e0000000,0x00000000e0000000,0x00000000e7680000)
  from space 18432K, 99% used [0x00000000e8c00000,0x00000000e9dfb7a0,0x00000000e9e00000)
  to   space 22016K, 0% used [0x00000000e7680000,0x00000000e7680000,0x00000000e8c00000)
 ParOldGen       total 157184K, used 34095K [0x00000000a0000000, 0x00000000a9980000, 0x00000000e0000000)
  object space 157184K, 21% used [0x00000000a0000000,0x00000000a214bf80,0x00000000a9980000)
 Metaspace       used 68882K, capacity 70984K, committed 71344K, reserved 1112064K
  class space    used 9013K, capacity 9563K, committed 9648K, reserved 1048576K
}

